<?xml version="1.0" encoding="UTF-8"?>
<testsuite xmlns:xsi="http://www.w3.org/2001/XMLSchema-instance" xsi:noNamespaceSchemaLocation="https://maven.apache.org/surefire/maven-surefire-plugin/xsd/surefire-test-report-3.0.xsd" version="3.0" name="io.helidon.examples.quickstart.mp.MainTest" time="4.105" tests="1" errors="0" skipped="0" failures="0">
  <properties>
    <property name="awt.toolkit" value="sun.awt.X11.XToolkit"/>
    <property name="java.specification.version" value="11"/>
    <property name="sun.cpu.isalist" value=""/>
    <property name="sun.jnu.encoding" value="UTF-8"/>
    <property name="java.class.path" value="/home/opc/madhacks/helidon/code/helidon-quickstart-mp/target/test-classes:/home/opc/madhacks/helidon/code/helidon-quickstart-mp/target/classes:/home/opc/.m2/repository/io/helidon/microprofile/bundles/helidon-microprofile/2.1.0/helidon-microprofile-2.1.0.jar:/home/opc/.m2/repository/io/helidon/microprofile/bundles/helidon-microprofile-core/2.1.0/helidon-microprofile-core-2.1.0.jar:/home/opc/.m2/repository/io/helidon/microprofile/server/helidon-microprofile-server/2.1.0/helidon-microprofile-server-2.1.0.jar:/home/opc/.m2/repository/io/helidon/microprofile/cdi/helidon-microprofile-cdi/2.1.0/helidon-microprofile-cdi-2.1.0.jar:/home/opc/.m2/repository/io/helidon/microprofile/weld/weld-se-core/2.1.0/weld-se-core-2.1.0.jar:/home/opc/.m2/repository/io/helidon/microprofile/weld/weld-core-impl/2.1.0/weld-core-impl-2.1.0.jar:/home/opc/.m2/repository/org/jboss/weld/environment/weld-environment-common/3.1.4.Final/weld-environment-common-3.1.4.Final.jar:/home/opc/.m2/repository/org/jboss/weld/weld-api/3.1.SP2/weld-api-3.1.SP2.jar:/home/opc/.m2/repository/org/jboss/weld/probe/weld-probe-core/3.1.4.Final/weld-probe-core-3.1.4.Final.jar:/home/opc/.m2/repository/org/jboss/weld/weld-spi/3.1.SP2/weld-spi-3.1.SP2.jar:/home/opc/.m2/repository/org/jboss/classfilewriter/jboss-classfilewriter/1.2.4.Final/jboss-classfilewriter-1.2.4.Final.jar:/home/opc/.m2/repository/org/slf4j/slf4j-jdk14/1.7.26/slf4j-jdk14-1.7.26.jar:/home/opc/.m2/repository/org/slf4j/slf4j-api/1.7.26/slf4j-api-1.7.26.jar:/home/opc/.m2/repository/io/helidon/webserver/helidon-webserver/2.1.0/helidon-webserver-2.1.0.jar:/home/opc/.m2/repository/io/helidon/common/helidon-common-http/2.1.0/helidon-common-http-2.1.0.jar:/home/opc/.m2/repository/io/helidon/media/helidon-media-common/2.1.0/helidon-media-common-2.1.0.jar:/home/opc/.m2/repository/io/opentracing/opentracing-api/0.33.0/opentracing-api-0.33.0.jar:/home/opc/.m2/repository/io/opentracing/opentracing-noop/0.33.0/opentracing-noop-0.33.0.jar:/home/opc/.m2/repository/io/netty/netty-codec-http/4.1.51.Final/netty-codec-http-4.1.51.Final.jar:/home/opc/.m2/repository/io/netty/netty-common/4.1.51.Final/netty-common-4.1.51.Final.jar:/home/opc/.m2/repository/io/netty/netty-buffer/4.1.51.Final/netty-buffer-4.1.51.Final.jar:/home/opc/.m2/repository/io/netty/netty-transport/4.1.51.Final/netty-transport-4.1.51.Final.jar:/home/opc/.m2/repository/io/netty/netty-codec/4.1.51.Final/netty-codec-4.1.51.Final.jar:/home/opc/.m2/repository/io/netty/netty-codec-http2/4.1.51.Final/netty-codec-http2-4.1.51.Final.jar:/home/opc/.m2/repository/io/netty/netty-handler/4.1.51.Final/netty-handler-4.1.51.Final.jar:/home/opc/.m2/repository/io/netty/netty-resolver/4.1.51.Final/netty-resolver-4.1.51.Final.jar:/home/opc/.m2/repository/io/helidon/webserver/helidon-webserver-jersey/2.1.0/helidon-webserver-jersey-2.1.0.jar:/home/opc/.m2/repository/io/helidon/jersey/helidon-jersey-server/2.1.0/helidon-jersey-server-2.1.0.jar:/home/opc/.m2/repository/org/glassfish/jersey/core/jersey-server/2.32/jersey-server-2.32.jar:/home/opc/.m2/repository/jakarta/validation/jakarta.validation-api/2.0.2/jakarta.validation-api-2.0.2.jar:/home/opc/.m2/repository/io/helidon/common/helidon-common-service-loader/2.1.0/helidon-common-service-loader-2.1.0.jar:/home/opc/.m2/repository/jakarta/interceptor/jakarta.interceptor-api/1.2.5/jakarta.interceptor-api-1.2.5.jar:/home/opc/.m2/repository/jakarta/ejb/jakarta.ejb-api/3.2.6/jakarta.ejb-api-3.2.6.jar:/home/opc/.m2/repository/jakarta/transaction/jakarta.transaction-api/1.3.3/jakarta.transaction-api-1.3.3.jar:/home/opc/.m2/repository/jakarta/enterprise/jakarta.enterprise.cdi-api/2.0.2/jakarta.enterprise.cdi-api-2.0.2.jar:/home/opc/.m2/repository/jakarta/el/jakarta.el-api/3.0.3/jakarta.el-api-3.0.3.jar:/home/opc/.m2/repository/io/helidon/media/helidon-media-jsonp/2.1.0/helidon-media-jsonp-2.1.0.jar:/home/opc/.m2/repository/org/glassfish/jersey/ext/cdi/jersey-weld2-se/2.32/jersey-weld2-se-2.32.jar:/home/opc/.m2/repository/org/glassfish/jersey/ext/cdi/jersey-cdi1x/2.32/jersey-cdi1x-2.32.jar:/home/opc/.m2/repository/io/helidon/jersey/helidon-jersey-media-jsonp/2.1.0/helidon-jersey-media-jsonp-2.1.0.jar:/home/opc/.m2/repository/org/glassfish/jersey/media/jersey-media-json-processing/2.32/jersey-media-json-processing-2.32.jar:/home/opc/.m2/repository/org/glassfish/jsonp-jaxrs/1.1.6/jsonp-jaxrs-1.1.6.jar:/home/opc/.m2/repository/io/helidon/microprofile/config/helidon-microprofile-config/2.1.0/helidon-microprofile-config-2.1.0.jar:/home/opc/.m2/repository/io/helidon/config/helidon-config-mp/2.1.0/helidon-config-mp-2.1.0.jar:/home/opc/.m2/repository/jakarta/annotation/jakarta.annotation-api/1.3.5/jakarta.annotation-api-1.3.5.jar:/home/opc/.m2/repository/io/helidon/common/helidon-common/2.1.0/helidon-common-2.1.0.jar:/home/opc/.m2/repository/io/helidon/config/helidon-config-yaml/2.1.0/helidon-config-yaml-2.1.0.jar:/home/opc/.m2/repository/org/yaml/snakeyaml/1.24/snakeyaml-1.24.jar:/home/opc/.m2/repository/io/helidon/config/helidon-config-encryption/2.1.0/helidon-config-encryption-2.1.0.jar:/home/opc/.m2/repository/io/helidon/common/helidon-common-key-util/2.1.0/helidon-common-key-util-2.1.0.jar:/home/opc/.m2/repository/io/helidon/config/helidon-config-object-mapping/2.1.0/helidon-config-object-mapping-2.1.0.jar:/home/opc/.m2/repository/io/helidon/microprofile/health/helidon-microprofile-health/2.1.0/helidon-microprofile-health-2.1.0.jar:/home/opc/.m2/repository/io/helidon/health/helidon-health/2.1.0/helidon-health-2.1.0.jar:/home/opc/.m2/repository/io/helidon/webserver/helidon-webserver-cors/2.1.0/helidon-webserver-cors-2.1.0.jar:/home/opc/.m2/repository/org/eclipse/microprofile/config/microprofile-config-api/1.4/microprofile-config-api-1.4.jar:/home/opc/.m2/repository/org/eclipse/microprofile/health/microprofile-health-api/2.2/microprofile-health-api-2.2.jar:/home/opc/.m2/repository/io/helidon/health/helidon-health-common/2.1.0/helidon-health-common-2.1.0.jar:/home/opc/.m2/repository/io/helidon/health/helidon-health-checks/2.1.0/helidon-health-checks-2.1.0.jar:/home/opc/.m2/repository/io/helidon/microprofile/metrics/helidon-microprofile-metrics/2.1.0/helidon-microprofile-metrics-2.1.0.jar:/home/opc/.m2/repository/io/helidon/metrics/helidon-metrics/2.1.0/helidon-metrics-2.1.0.jar:/home/opc/.m2/repository/org/eclipse/microprofile/metrics/microprofile-metrics-api/2.3.2/microprofile-metrics-api-2.3.2.jar:/home/opc/.m2/repository/io/helidon/microprofile/helidon-microprofile-fault-tolerance/2.1.0/helidon-microprofile-fault-tolerance-2.1.0.jar:/home/opc/.m2/repository/org/eclipse/microprofile/fault-tolerance/microprofile-fault-tolerance-api/2.1.1/microprofile-fault-tolerance-api-2.1.1.jar:/home/opc/.m2/repository/io/helidon/fault-tolerance/helidon-fault-tolerance/2.1.0/helidon-fault-tolerance-2.1.0.jar:/home/opc/.m2/repository/io/helidon/common/helidon-common-configurable/2.1.0/helidon-common-configurable-2.1.0.jar:/home/opc/.m2/repository/io/helidon/microprofile/jwt/helidon-microprofile-jwt-auth/2.1.0/helidon-microprofile-jwt-auth-2.1.0.jar:/home/opc/.m2/repository/org/eclipse/microprofile/jwt/microprofile-jwt-auth-api/1.1.1/microprofile-jwt-auth-api-1.1.1.jar:/home/opc/.m2/repository/io/helidon/security/helidon-security-jwt/2.1.0/helidon-security-jwt-2.1.0.jar:/home/opc/.m2/repository/io/helidon/security/helidon-security-util/2.1.0/helidon-security-util-2.1.0.jar:/home/opc/.m2/repository/io/helidon/security/helidon-security/2.1.0/helidon-security-2.1.0.jar:/home/opc/.m2/repository/io/helidon/common/helidon-common-reactive/2.1.0/helidon-common-reactive-2.1.0.jar:/home/opc/.m2/repository/io/helidon/common/helidon-common-mapper/2.1.0/helidon-common-mapper-2.1.0.jar:/home/opc/.m2/repository/io/opentracing/opentracing-util/0.33.0/opentracing-util-0.33.0.jar:/home/opc/.m2/repository/io/helidon/security/integration/helidon-security-integration-jersey/2.1.0/helidon-security-integration-jersey-2.1.0.jar:/home/opc/.m2/repository/io/helidon/security/helidon-security-annotations/2.1.0/helidon-security-annotations-2.1.0.jar:/home/opc/.m2/repository/io/helidon/microprofile/helidon-microprofile-security/2.1.0/helidon-microprofile-security-2.1.0.jar:/home/opc/.m2/repository/io/helidon/bundles/helidon-bundles-security/2.1.0/helidon-bundles-security-2.1.0.jar:/home/opc/.m2/repository/io/helidon/security/providers/helidon-security-providers-header/2.1.0/helidon-security-providers-header-2.1.0.jar:/home/opc/.m2/repository/io/helidon/security/providers/helidon-security-providers-http-auth/2.1.0/helidon-security-providers-http-auth-2.1.0.jar:/home/opc/.m2/repository/io/helidon/security/providers/helidon-security-providers-http-sign/2.1.0/helidon-security-providers-http-sign-2.1.0.jar:/home/opc/.m2/repository/io/helidon/security/providers/helidon-security-providers-jwt/2.1.0/helidon-security-providers-jwt-2.1.0.jar:/home/opc/.m2/repository/io/helidon/security/providers/helidon-security-providers-abac/2.1.0/helidon-security-providers-abac-2.1.0.jar:/home/opc/.m2/repository/io/helidon/security/providers/helidon-security-providers-oidc/2.1.0/helidon-security-providers-oidc-2.1.0.jar:/home/opc/.m2/repository/io/helidon/security/providers/helidon-security-providers-oidc-common/2.1.0/helidon-security-providers-oidc-common-2.1.0.jar:/home/opc/.m2/repository/io/helidon/security/abac/helidon-security-abac-time/2.1.0/helidon-security-abac-time-2.1.0.jar:/home/opc/.m2/repository/io/helidon/security/abac/helidon-security-abac-role/2.1.0/helidon-security-abac-role-2.1.0.jar:/home/opc/.m2/repository/io/helidon/security/abac/helidon-security-abac-scope/2.1.0/helidon-security-abac-scope-2.1.0.jar:/home/opc/.m2/repository/io/helidon/security/abac/helidon-security-abac-policy/2.1.0/helidon-security-abac-policy-2.1.0.jar:/home/opc/.m2/repository/io/helidon/security/integration/helidon-security-integration-webserver/2.1.0/helidon-security-integration-webserver-2.1.0.jar:/home/opc/.m2/repository/io/helidon/config/helidon-config/2.1.0/helidon-config-2.1.0.jar:/home/opc/.m2/repository/io/helidon/common/helidon-common-media-type/2.1.0/helidon-common-media-type-2.1.0.jar:/home/opc/.m2/repository/io/helidon/security/providers/helidon-security-providers-common/2.1.0/helidon-security-providers-common-2.1.0.jar:/home/opc/.m2/repository/io/helidon/security/integration/helidon-security-integration-jersey-client/2.1.0/helidon-security-integration-jersey-client-2.1.0.jar:/home/opc/.m2/repository/io/helidon/security/integration/helidon-security-integration-common/2.1.0/helidon-security-integration-common-2.1.0.jar:/home/opc/.m2/repository/io/helidon/tracing/helidon-tracing-config/2.1.0/helidon-tracing-config-2.1.0.jar:/home/opc/.m2/repository/io/helidon/jersey/helidon-jersey-common/2.1.0/helidon-jersey-common-2.1.0.jar:/home/opc/.m2/repository/io/helidon/webclient/helidon-webclient-jaxrs/2.1.0/helidon-webclient-jaxrs-2.1.0.jar:/home/opc/.m2/repository/io/helidon/microprofile/openapi/helidon-microprofile-openapi/2.1.0/helidon-microprofile-openapi-2.1.0.jar:/home/opc/.m2/repository/io/helidon/openapi/helidon-openapi/2.1.0/helidon-openapi-2.1.0.jar:/home/opc/.m2/repository/io/smallrye/smallrye-open-api/1.2.0/smallrye-open-api-1.2.0.jar:/home/opc/.m2/repository/org/jboss/logging/jboss-logging/3.2.1.Final/jboss-logging-3.2.1.Final.jar:/home/opc/.m2/repository/org/eclipse/microprofile/openapi/microprofile-openapi-api/1.1.2/microprofile-openapi-api-1.1.2.jar:/home/opc/.m2/repository/io/helidon/microprofile/rest-client/helidon-microprofile-rest-client/2.1.0/helidon-microprofile-rest-client-2.1.0.jar:/home/opc/.m2/repository/io/helidon/common/helidon-common-context/2.1.0/helidon-common-context-2.1.0.jar:/home/opc/.m2/repository/io/helidon/jersey/helidon-jersey-client/2.1.0/helidon-jersey-client-2.1.0.jar:/home/opc/.m2/repository/org/glassfish/jersey/core/jersey-client/2.32/jersey-client-2.32.jar:/home/opc/.m2/repository/org/glassfish/jersey/inject/jersey-hk2/2.32/jersey-hk2-2.32.jar:/home/opc/.m2/repository/org/glassfish/hk2/hk2-locator/2.6.1/hk2-locator-2.6.1.jar:/home/opc/.m2/repository/org/glassfish/hk2/external/aopalliance-repackaged/2.6.1/aopalliance-repackaged-2.6.1.jar:/home/opc/.m2/repository/org/glassfish/hk2/hk2-api/2.6.1/hk2-api-2.6.1.jar:/home/opc/.m2/repository/org/glassfish/hk2/hk2-utils/2.6.1/hk2-utils-2.6.1.jar:/home/opc/.m2/repository/org/javassist/javassist/3.25.0-GA/javassist-3.25.0-GA.jar:/home/opc/.m2/repository/jakarta/xml/bind/jakarta.xml.bind-api/2.3.3/jakarta.xml.bind-api-2.3.3.jar:/home/opc/.m2/repository/jakarta/inject/jakarta.inject-api/1.0/jakarta.inject-api-1.0.jar:/home/opc/.m2/repository/org/glassfish/jersey/ext/microprofile/jersey-mp-rest-client/2.32/jersey-mp-rest-client-2.32.jar:/home/opc/.m2/repository/jakarta/ws/rs/jakarta.ws.rs-api/2.1.6/jakarta.ws.rs-api-2.1.6.jar:/home/opc/.m2/repository/io/helidon/microprofile/tracing/helidon-microprofile-tracing/2.1.0/helidon-microprofile-tracing-2.1.0.jar:/home/opc/.m2/repository/io/helidon/tracing/helidon-tracing-jersey/2.1.0/helidon-tracing-jersey-2.1.0.jar:/home/opc/.m2/repository/io/helidon/tracing/helidon-tracing/2.1.0/helidon-tracing-2.1.0.jar:/home/opc/.m2/repository/io/helidon/tracing/helidon-tracing-jersey-client/2.1.0/helidon-tracing-jersey-client-2.1.0.jar:/home/opc/.m2/repository/org/eclipse/microprofile/opentracing/microprofile-opentracing-api/1.3.3/microprofile-opentracing-api-1.3.3.jar:/home/opc/.m2/repository/io/helidon/tracing/helidon-tracing-tracer-resolver/2.1.0/helidon-tracing-tracer-resolver-2.1.0.jar:/home/opc/.m2/repository/io/opentracing/contrib/opentracing-tracerresolver/0.1.8/opentracing-tracerresolver-0.1.8.jar:/home/opc/.m2/repository/org/eclipse/microprofile/rest/client/microprofile-rest-client-api/1.4.1/microprofile-rest-client-api-1.4.1.jar:/home/opc/.m2/repository/org/glassfish/jersey/media/jersey-media-json-binding/2.32/jersey-media-json-binding-2.32.jar:/home/opc/.m2/repository/org/glassfish/jersey/core/jersey-common/2.32/jersey-common-2.32.jar:/home/opc/.m2/repository/org/glassfish/hk2/osgi-resource-locator/1.0.3/osgi-resource-locator-1.0.3.jar:/home/opc/.m2/repository/org/glassfish/jakarta.json/1.1.6/jakarta.json-1.1.6.jar:/home/opc/.m2/repository/jakarta/json/bind/jakarta.json.bind-api/1.0.2/jakarta.json.bind-api-1.0.2.jar:/home/opc/.m2/repository/org/eclipse/yasson/1.0.8/yasson-1.0.8.jar:/home/opc/.m2/repository/org/glassfish/jakarta.json/1.1.6/jakarta.json-1.1.6-module.jar:/home/opc/.m2/repository/org/jboss/jandex/2.1.1.Final/jandex-2.1.1.Final.jar:/home/opc/.m2/repository/jakarta/activation/jakarta.activation-api/1.2.2/jakarta.activation-api-1.2.2.jar:/home/opc/.m2/repository/org/junit/jupiter/junit-jupiter-api/5.6.2/junit-jupiter-api-5.6.2.jar:/home/opc/.m2/repository/org/apiguardian/apiguardian-api/1.1.0/apiguardian-api-1.1.0.jar:/home/opc/.m2/repository/org/opentest4j/opentest4j/1.2.0/opentest4j-1.2.0.jar:/home/opc/.m2/repository/org/junit/platform/junit-platform-commons/1.6.2/junit-platform-commons-1.6.2.jar:"/>
    <property name="java.vm.vendor" value="Oracle Corporation"/>
    <property name="sun.arch.data.model" value="64"/>
    <property name="java.vendor.url" value="https://openjdk.java.net/"/>
    <property name="user.timezone" value="GMT"/>
    <property name="java.vm.specification.version" value="11"/>
    <property name="os.name" value="Linux"/>
    <property name="sun.java.launcher" value="SUN_STANDARD"/>
    <property name="user.country" value="US"/>
    <property name="sun.boot.library.path" value="/home/opc/installer/jdk-11.0.8/lib"/>
    <property name="sun.java.command" value="/home/opc/madhacks/helidon/code/helidon-quickstart-mp/target/surefire/surefirebooter4023968090478848871.jar /home/opc/madhacks/helidon/code/helidon-quickstart-mp/target/surefire 2020-11-10T06-31-38_421-jvmRun1 surefire6576947980880046918tmp surefire_01206737874444636227tmp"/>
    <property name="jdk.debug" value="release"/>
    <property name="surefire.test.class.path" value="/home/opc/madhacks/helidon/code/helidon-quickstart-mp/target/test-classes:/home/opc/madhacks/helidon/code/helidon-quickstart-mp/target/classes:/home/opc/.m2/repository/io/helidon/microprofile/bundles/helidon-microprofile/2.1.0/helidon-microprofile-2.1.0.jar:/home/opc/.m2/repository/io/helidon/microprofile/bundles/helidon-microprofile-core/2.1.0/helidon-microprofile-core-2.1.0.jar:/home/opc/.m2/repository/io/helidon/microprofile/server/helidon-microprofile-server/2.1.0/helidon-microprofile-server-2.1.0.jar:/home/opc/.m2/repository/io/helidon/microprofile/cdi/helidon-microprofile-cdi/2.1.0/helidon-microprofile-cdi-2.1.0.jar:/home/opc/.m2/repository/io/helidon/microprofile/weld/weld-se-core/2.1.0/weld-se-core-2.1.0.jar:/home/opc/.m2/repository/io/helidon/microprofile/weld/weld-core-impl/2.1.0/weld-core-impl-2.1.0.jar:/home/opc/.m2/repository/org/jboss/weld/environment/weld-environment-common/3.1.4.Final/weld-environment-common-3.1.4.Final.jar:/home/opc/.m2/repository/org/jboss/weld/weld-api/3.1.SP2/weld-api-3.1.SP2.jar:/home/opc/.m2/repository/org/jboss/weld/probe/weld-probe-core/3.1.4.Final/weld-probe-core-3.1.4.Final.jar:/home/opc/.m2/repository/org/jboss/weld/weld-spi/3.1.SP2/weld-spi-3.1.SP2.jar:/home/opc/.m2/repository/org/jboss/classfilewriter/jboss-classfilewriter/1.2.4.Final/jboss-classfilewriter-1.2.4.Final.jar:/home/opc/.m2/repository/org/slf4j/slf4j-jdk14/1.7.26/slf4j-jdk14-1.7.26.jar:/home/opc/.m2/repository/org/slf4j/slf4j-api/1.7.26/slf4j-api-1.7.26.jar:/home/opc/.m2/repository/io/helidon/webserver/helidon-webserver/2.1.0/helidon-webserver-2.1.0.jar:/home/opc/.m2/repository/io/helidon/common/helidon-common-http/2.1.0/helidon-common-http-2.1.0.jar:/home/opc/.m2/repository/io/helidon/media/helidon-media-common/2.1.0/helidon-media-common-2.1.0.jar:/home/opc/.m2/repository/io/opentracing/opentracing-api/0.33.0/opentracing-api-0.33.0.jar:/home/opc/.m2/repository/io/opentracing/opentracing-noop/0.33.0/opentracing-noop-0.33.0.jar:/home/opc/.m2/repository/io/netty/netty-codec-http/4.1.51.Final/netty-codec-http-4.1.51.Final.jar:/home/opc/.m2/repository/io/netty/netty-common/4.1.51.Final/netty-common-4.1.51.Final.jar:/home/opc/.m2/repository/io/netty/netty-buffer/4.1.51.Final/netty-buffer-4.1.51.Final.jar:/home/opc/.m2/repository/io/netty/netty-transport/4.1.51.Final/netty-transport-4.1.51.Final.jar:/home/opc/.m2/repository/io/netty/netty-codec/4.1.51.Final/netty-codec-4.1.51.Final.jar:/home/opc/.m2/repository/io/netty/netty-codec-http2/4.1.51.Final/netty-codec-http2-4.1.51.Final.jar:/home/opc/.m2/repository/io/netty/netty-handler/4.1.51.Final/netty-handler-4.1.51.Final.jar:/home/opc/.m2/repository/io/netty/netty-resolver/4.1.51.Final/netty-resolver-4.1.51.Final.jar:/home/opc/.m2/repository/io/helidon/webserver/helidon-webserver-jersey/2.1.0/helidon-webserver-jersey-2.1.0.jar:/home/opc/.m2/repository/io/helidon/jersey/helidon-jersey-server/2.1.0/helidon-jersey-server-2.1.0.jar:/home/opc/.m2/repository/org/glassfish/jersey/core/jersey-server/2.32/jersey-server-2.32.jar:/home/opc/.m2/repository/jakarta/validation/jakarta.validation-api/2.0.2/jakarta.validation-api-2.0.2.jar:/home/opc/.m2/repository/io/helidon/common/helidon-common-service-loader/2.1.0/helidon-common-service-loader-2.1.0.jar:/home/opc/.m2/repository/jakarta/interceptor/jakarta.interceptor-api/1.2.5/jakarta.interceptor-api-1.2.5.jar:/home/opc/.m2/repository/jakarta/ejb/jakarta.ejb-api/3.2.6/jakarta.ejb-api-3.2.6.jar:/home/opc/.m2/repository/jakarta/transaction/jakarta.transaction-api/1.3.3/jakarta.transaction-api-1.3.3.jar:/home/opc/.m2/repository/jakarta/enterprise/jakarta.enterprise.cdi-api/2.0.2/jakarta.enterprise.cdi-api-2.0.2.jar:/home/opc/.m2/repository/jakarta/el/jakarta.el-api/3.0.3/jakarta.el-api-3.0.3.jar:/home/opc/.m2/repository/io/helidon/media/helidon-media-jsonp/2.1.0/helidon-media-jsonp-2.1.0.jar:/home/opc/.m2/repository/org/glassfish/jersey/ext/cdi/jersey-weld2-se/2.32/jersey-weld2-se-2.32.jar:/home/opc/.m2/repository/org/glassfish/jersey/ext/cdi/jersey-cdi1x/2.32/jersey-cdi1x-2.32.jar:/home/opc/.m2/repository/io/helidon/jersey/helidon-jersey-media-jsonp/2.1.0/helidon-jersey-media-jsonp-2.1.0.jar:/home/opc/.m2/repository/org/glassfish/jersey/media/jersey-media-json-processing/2.32/jersey-media-json-processing-2.32.jar:/home/opc/.m2/repository/org/glassfish/jsonp-jaxrs/1.1.6/jsonp-jaxrs-1.1.6.jar:/home/opc/.m2/repository/io/helidon/microprofile/config/helidon-microprofile-config/2.1.0/helidon-microprofile-config-2.1.0.jar:/home/opc/.m2/repository/io/helidon/config/helidon-config-mp/2.1.0/helidon-config-mp-2.1.0.jar:/home/opc/.m2/repository/jakarta/annotation/jakarta.annotation-api/1.3.5/jakarta.annotation-api-1.3.5.jar:/home/opc/.m2/repository/io/helidon/common/helidon-common/2.1.0/helidon-common-2.1.0.jar:/home/opc/.m2/repository/io/helidon/config/helidon-config-yaml/2.1.0/helidon-config-yaml-2.1.0.jar:/home/opc/.m2/repository/org/yaml/snakeyaml/1.24/snakeyaml-1.24.jar:/home/opc/.m2/repository/io/helidon/config/helidon-config-encryption/2.1.0/helidon-config-encryption-2.1.0.jar:/home/opc/.m2/repository/io/helidon/common/helidon-common-key-util/2.1.0/helidon-common-key-util-2.1.0.jar:/home/opc/.m2/repository/io/helidon/config/helidon-config-object-mapping/2.1.0/helidon-config-object-mapping-2.1.0.jar:/home/opc/.m2/repository/io/helidon/microprofile/health/helidon-microprofile-health/2.1.0/helidon-microprofile-health-2.1.0.jar:/home/opc/.m2/repository/io/helidon/health/helidon-health/2.1.0/helidon-health-2.1.0.jar:/home/opc/.m2/repository/io/helidon/webserver/helidon-webserver-cors/2.1.0/helidon-webserver-cors-2.1.0.jar:/home/opc/.m2/repository/org/eclipse/microprofile/config/microprofile-config-api/1.4/microprofile-config-api-1.4.jar:/home/opc/.m2/repository/org/eclipse/microprofile/health/microprofile-health-api/2.2/microprofile-health-api-2.2.jar:/home/opc/.m2/repository/io/helidon/health/helidon-health-common/2.1.0/helidon-health-common-2.1.0.jar:/home/opc/.m2/repository/io/helidon/health/helidon-health-checks/2.1.0/helidon-health-checks-2.1.0.jar:/home/opc/.m2/repository/io/helidon/microprofile/metrics/helidon-microprofile-metrics/2.1.0/helidon-microprofile-metrics-2.1.0.jar:/home/opc/.m2/repository/io/helidon/metrics/helidon-metrics/2.1.0/helidon-metrics-2.1.0.jar:/home/opc/.m2/repository/org/eclipse/microprofile/metrics/microprofile-metrics-api/2.3.2/microprofile-metrics-api-2.3.2.jar:/home/opc/.m2/repository/io/helidon/microprofile/helidon-microprofile-fault-tolerance/2.1.0/helidon-microprofile-fault-tolerance-2.1.0.jar:/home/opc/.m2/repository/org/eclipse/microprofile/fault-tolerance/microprofile-fault-tolerance-api/2.1.1/microprofile-fault-tolerance-api-2.1.1.jar:/home/opc/.m2/repository/io/helidon/fault-tolerance/helidon-fault-tolerance/2.1.0/helidon-fault-tolerance-2.1.0.jar:/home/opc/.m2/repository/io/helidon/common/helidon-common-configurable/2.1.0/helidon-common-configurable-2.1.0.jar:/home/opc/.m2/repository/io/helidon/microprofile/jwt/helidon-microprofile-jwt-auth/2.1.0/helidon-microprofile-jwt-auth-2.1.0.jar:/home/opc/.m2/repository/org/eclipse/microprofile/jwt/microprofile-jwt-auth-api/1.1.1/microprofile-jwt-auth-api-1.1.1.jar:/home/opc/.m2/repository/io/helidon/security/helidon-security-jwt/2.1.0/helidon-security-jwt-2.1.0.jar:/home/opc/.m2/repository/io/helidon/security/helidon-security-util/2.1.0/helidon-security-util-2.1.0.jar:/home/opc/.m2/repository/io/helidon/security/helidon-security/2.1.0/helidon-security-2.1.0.jar:/home/opc/.m2/repository/io/helidon/common/helidon-common-reactive/2.1.0/helidon-common-reactive-2.1.0.jar:/home/opc/.m2/repository/io/helidon/common/helidon-common-mapper/2.1.0/helidon-common-mapper-2.1.0.jar:/home/opc/.m2/repository/io/opentracing/opentracing-util/0.33.0/opentracing-util-0.33.0.jar:/home/opc/.m2/repository/io/helidon/security/integration/helidon-security-integration-jersey/2.1.0/helidon-security-integration-jersey-2.1.0.jar:/home/opc/.m2/repository/io/helidon/security/helidon-security-annotations/2.1.0/helidon-security-annotations-2.1.0.jar:/home/opc/.m2/repository/io/helidon/microprofile/helidon-microprofile-security/2.1.0/helidon-microprofile-security-2.1.0.jar:/home/opc/.m2/repository/io/helidon/bundles/helidon-bundles-security/2.1.0/helidon-bundles-security-2.1.0.jar:/home/opc/.m2/repository/io/helidon/security/providers/helidon-security-providers-header/2.1.0/helidon-security-providers-header-2.1.0.jar:/home/opc/.m2/repository/io/helidon/security/providers/helidon-security-providers-http-auth/2.1.0/helidon-security-providers-http-auth-2.1.0.jar:/home/opc/.m2/repository/io/helidon/security/providers/helidon-security-providers-http-sign/2.1.0/helidon-security-providers-http-sign-2.1.0.jar:/home/opc/.m2/repository/io/helidon/security/providers/helidon-security-providers-jwt/2.1.0/helidon-security-providers-jwt-2.1.0.jar:/home/opc/.m2/repository/io/helidon/security/providers/helidon-security-providers-abac/2.1.0/helidon-security-providers-abac-2.1.0.jar:/home/opc/.m2/repository/io/helidon/security/providers/helidon-security-providers-oidc/2.1.0/helidon-security-providers-oidc-2.1.0.jar:/home/opc/.m2/repository/io/helidon/security/providers/helidon-security-providers-oidc-common/2.1.0/helidon-security-providers-oidc-common-2.1.0.jar:/home/opc/.m2/repository/io/helidon/security/abac/helidon-security-abac-time/2.1.0/helidon-security-abac-time-2.1.0.jar:/home/opc/.m2/repository/io/helidon/security/abac/helidon-security-abac-role/2.1.0/helidon-security-abac-role-2.1.0.jar:/home/opc/.m2/repository/io/helidon/security/abac/helidon-security-abac-scope/2.1.0/helidon-security-abac-scope-2.1.0.jar:/home/opc/.m2/repository/io/helidon/security/abac/helidon-security-abac-policy/2.1.0/helidon-security-abac-policy-2.1.0.jar:/home/opc/.m2/repository/io/helidon/security/integration/helidon-security-integration-webserver/2.1.0/helidon-security-integration-webserver-2.1.0.jar:/home/opc/.m2/repository/io/helidon/config/helidon-config/2.1.0/helidon-config-2.1.0.jar:/home/opc/.m2/repository/io/helidon/common/helidon-common-media-type/2.1.0/helidon-common-media-type-2.1.0.jar:/home/opc/.m2/repository/io/helidon/security/providers/helidon-security-providers-common/2.1.0/helidon-security-providers-common-2.1.0.jar:/home/opc/.m2/repository/io/helidon/security/integration/helidon-security-integration-jersey-client/2.1.0/helidon-security-integration-jersey-client-2.1.0.jar:/home/opc/.m2/repository/io/helidon/security/integration/helidon-security-integration-common/2.1.0/helidon-security-integration-common-2.1.0.jar:/home/opc/.m2/repository/io/helidon/tracing/helidon-tracing-config/2.1.0/helidon-tracing-config-2.1.0.jar:/home/opc/.m2/repository/io/helidon/jersey/helidon-jersey-common/2.1.0/helidon-jersey-common-2.1.0.jar:/home/opc/.m2/repository/io/helidon/webclient/helidon-webclient-jaxrs/2.1.0/helidon-webclient-jaxrs-2.1.0.jar:/home/opc/.m2/repository/io/helidon/microprofile/openapi/helidon-microprofile-openapi/2.1.0/helidon-microprofile-openapi-2.1.0.jar:/home/opc/.m2/repository/io/helidon/openapi/helidon-openapi/2.1.0/helidon-openapi-2.1.0.jar:/home/opc/.m2/repository/io/smallrye/smallrye-open-api/1.2.0/smallrye-open-api-1.2.0.jar:/home/opc/.m2/repository/org/jboss/logging/jboss-logging/3.2.1.Final/jboss-logging-3.2.1.Final.jar:/home/opc/.m2/repository/org/eclipse/microprofile/openapi/microprofile-openapi-api/1.1.2/microprofile-openapi-api-1.1.2.jar:/home/opc/.m2/repository/io/helidon/microprofile/rest-client/helidon-microprofile-rest-client/2.1.0/helidon-microprofile-rest-client-2.1.0.jar:/home/opc/.m2/repository/io/helidon/common/helidon-common-context/2.1.0/helidon-common-context-2.1.0.jar:/home/opc/.m2/repository/io/helidon/jersey/helidon-jersey-client/2.1.0/helidon-jersey-client-2.1.0.jar:/home/opc/.m2/repository/org/glassfish/jersey/core/jersey-client/2.32/jersey-client-2.32.jar:/home/opc/.m2/repository/org/glassfish/jersey/inject/jersey-hk2/2.32/jersey-hk2-2.32.jar:/home/opc/.m2/repository/org/glassfish/hk2/hk2-locator/2.6.1/hk2-locator-2.6.1.jar:/home/opc/.m2/repository/org/glassfish/hk2/external/aopalliance-repackaged/2.6.1/aopalliance-repackaged-2.6.1.jar:/home/opc/.m2/repository/org/glassfish/hk2/hk2-api/2.6.1/hk2-api-2.6.1.jar:/home/opc/.m2/repository/org/glassfish/hk2/hk2-utils/2.6.1/hk2-utils-2.6.1.jar:/home/opc/.m2/repository/org/javassist/javassist/3.25.0-GA/javassist-3.25.0-GA.jar:/home/opc/.m2/repository/jakarta/xml/bind/jakarta.xml.bind-api/2.3.3/jakarta.xml.bind-api-2.3.3.jar:/home/opc/.m2/repository/jakarta/inject/jakarta.inject-api/1.0/jakarta.inject-api-1.0.jar:/home/opc/.m2/repository/org/glassfish/jersey/ext/microprofile/jersey-mp-rest-client/2.32/jersey-mp-rest-client-2.32.jar:/home/opc/.m2/repository/jakarta/ws/rs/jakarta.ws.rs-api/2.1.6/jakarta.ws.rs-api-2.1.6.jar:/home/opc/.m2/repository/io/helidon/microprofile/tracing/helidon-microprofile-tracing/2.1.0/helidon-microprofile-tracing-2.1.0.jar:/home/opc/.m2/repository/io/helidon/tracing/helidon-tracing-jersey/2.1.0/helidon-tracing-jersey-2.1.0.jar:/home/opc/.m2/repository/io/helidon/tracing/helidon-tracing/2.1.0/helidon-tracing-2.1.0.jar:/home/opc/.m2/repository/io/helidon/tracing/helidon-tracing-jersey-client/2.1.0/helidon-tracing-jersey-client-2.1.0.jar:/home/opc/.m2/repository/org/eclipse/microprofile/opentracing/microprofile-opentracing-api/1.3.3/microprofile-opentracing-api-1.3.3.jar:/home/opc/.m2/repository/io/helidon/tracing/helidon-tracing-tracer-resolver/2.1.0/helidon-tracing-tracer-resolver-2.1.0.jar:/home/opc/.m2/repository/io/opentracing/contrib/opentracing-tracerresolver/0.1.8/opentracing-tracerresolver-0.1.8.jar:/home/opc/.m2/repository/org/eclipse/microprofile/rest/client/microprofile-rest-client-api/1.4.1/microprofile-rest-client-api-1.4.1.jar:/home/opc/.m2/repository/org/glassfish/jersey/media/jersey-media-json-binding/2.32/jersey-media-json-binding-2.32.jar:/home/opc/.m2/repository/org/glassfish/jersey/core/jersey-common/2.32/jersey-common-2.32.jar:/home/opc/.m2/repository/org/glassfish/hk2/osgi-resource-locator/1.0.3/osgi-resource-locator-1.0.3.jar:/home/opc/.m2/repository/org/glassfish/jakarta.json/1.1.6/jakarta.json-1.1.6.jar:/home/opc/.m2/repository/jakarta/json/bind/jakarta.json.bind-api/1.0.2/jakarta.json.bind-api-1.0.2.jar:/home/opc/.m2/repository/org/eclipse/yasson/1.0.8/yasson-1.0.8.jar:/home/opc/.m2/repository/org/glassfish/jakarta.json/1.1.6/jakarta.json-1.1.6-module.jar:/home/opc/.m2/repository/org/jboss/jandex/2.1.1.Final/jandex-2.1.1.Final.jar:/home/opc/.m2/repository/jakarta/activation/jakarta.activation-api/1.2.2/jakarta.activation-api-1.2.2.jar:/home/opc/.m2/repository/org/junit/jupiter/junit-jupiter-api/5.6.2/junit-jupiter-api-5.6.2.jar:/home/opc/.m2/repository/org/apiguardian/apiguardian-api/1.1.0/apiguardian-api-1.1.0.jar:/home/opc/.m2/repository/org/opentest4j/opentest4j/1.2.0/opentest4j-1.2.0.jar:/home/opc/.m2/repository/org/junit/platform/junit-platform-commons/1.6.2/junit-platform-commons-1.6.2.jar:"/>
    <property name="sun.cpu.endian" value="little"/>
    <property name="user.home" value="/home/opc"/>
    <property name="user.language" value="en"/>
    <property name="java.specification.vendor" value="Oracle Corporation"/>
    <property name="java.version.date" value="2020-07-14"/>
    <property name="java.home" value="/home/opc/installer/jdk-11.0.8"/>
    <property name="file.separator" value="/"/>
    <property name="basedir" value="/home/opc/madhacks/helidon/code/helidon-quickstart-mp"/>
    <property name="java.vm.compressedOopsMode" value="Zero based"/>
    <property name="line.separator" value="&#10;"/>
    <property name="java.specification.name" value="Java Platform API Specification"/>
    <property name="java.vm.specification.vendor" value="Oracle Corporation"/>
    <property name="java.awt.graphicsenv" value="sun.awt.X11GraphicsEnvironment"/>
    <property name="surefire.real.class.path" value="/home/opc/madhacks/helidon/code/helidon-quickstart-mp/target/surefire/surefirebooter4023968090478848871.jar"/>
    <property name="java.util.logging.config.file" value="/home/opc/madhacks/helidon/code/helidon-quickstart-mp/target/classes/logging.properties"/>
    <property name="sun.management.compiler" value="HotSpot 64-Bit Tiered Compilers"/>
    <property name="java.runtime.version" value="11.0.8+10-LTS"/>
    <property name="user.name" value="opc"/>
    <property name="path.separator" value=":"/>
    <property name="os.version" value="4.14.35-1902.302.2.el7uek.x86_64"/>
    <property name="java.runtime.name" value="Java(TM) SE Runtime Environment"/>
    <property name="file.encoding" value="UTF-8"/>
    <property name="sun.nio.ch.bugLevel" value=""/>
    <property name="java.vm.name" value="Java HotSpot(TM) 64-Bit Server VM"/>
    <property name="java.vendor.version" value="18.9"/>
    <property name="localRepository" value="/home/opc/.m2/repository"/>
    <property name="java.vendor.url.bug" value="https://bugreport.java.com/bugreport/"/>
    <property name="java.io.tmpdir" value="/tmp"/>
    <property name="java.version" value="11.0.8"/>
    <property name="user.dir" value="/home/opc/madhacks/helidon/code/helidon-quickstart-mp"/>
    <property name="os.arch" value="amd64"/>
    <property name="java.vm.specification.name" value="Java Virtual Machine Specification"/>
    <property name="java.awt.printerjob" value="sun.print.PSPrinterJob"/>
    <property name="sun.os.patch.level" value="unknown"/>
    <property name="java.library.path" value="/usr/java/packages/lib:/usr/lib64:/lib64:/lib:/usr/lib"/>
    <property name="java.vendor" value="Oracle Corporation"/>
    <property name="java.vm.info" value="mixed mode"/>
    <property name="java.vm.version" value="11.0.8+10-LTS"/>
    <property name="sun.io.unicode.encoding" value="UnicodeLittle"/>
    <property name="java.class.version" value="55.0"/>
  </properties>
  <testcase name="testHelloWorld" classname="io.helidon.examples.quickstart.mp.MainTest" time="0.698">
    <system-out><![CDATA[2020.11.10 06:31:39 INFO io.helidon.common.LogConfig Thread[main,5,main]: Logging at initialization configured using /home/opc/madhacks/helidon/code/helidon-quickstart-mp/target/classes/logging.properties
2020.11.10 06:31:39 INFO org.jboss.weld.Version Thread[main,5,main]: WELD-000900: 3.1.4 (Final)
2020.11.10 06:31:40 INFO org.jboss.weld.Bootstrap Thread[main,5,main]: WELD-ENV-000020: Using jandex for bean discovery
2020.11.10 06:31:40 INFO org.jboss.weld.Bootstrap Thread[main,5,main]: WELD-000101: Transactional services not available. Injection of @Inject UserTransaction not available. Transactional observers will be invoked synchronously.
2020.11.10 06:31:40 INFO org.jboss.weld.Event Thread[main,5,main]: WELD-000411: Observer method [BackedAnnotatedMethod] public org.glassfish.jersey.ext.cdi1x.internal.ProcessAllAnnotatedTypes.processAnnotatedType(@Observes ProcessAnnotatedType<?>, BeanManager) receives events for all annotated types. Consider restricting events using @WithAnnotations or a generic type with bounds.
2020.11.10 06:31:40 INFO org.jboss.weld.Event Thread[main,5,main]: WELD-000411: Observer method [BackedAnnotatedMethod] private io.helidon.microprofile.openapi.OpenApiCdiExtension.processAnnotatedType(@Observes ProcessAnnotatedType<X>) receives events for all annotated types. Consider restricting events using @WithAnnotations or a generic type with bounds.
2020.11.10 06:31:41 INFO io.helidon.tracing.tracerresolver.TracerResolverBuilder Thread[main,5,main]: TracerResolver not configured, tracing is disabled
2020.11.10 06:31:41 WARNING io.helidon.microprofile.tracing.TracingCdiExtension Thread[main,5,main]: helidon-microprofile-tracing is on the classpath, yet there is no tracer implementation library. Tracing uses a no-op tracer. As a result, no tracing will be configured for WebServer and JAX-RS
2020.11.10 06:31:41 INFO io.helidon.microprofile.security.SecurityCdiExtension Thread[main,5,main]: Authentication provider is missing from security configuration, but security extension for microprofile is enabled (requires providers configuration at key security.providers). Security will not have any valid authentication provider
2020.11.10 06:31:41 INFO io.helidon.microprofile.security.SecurityCdiExtension Thread[main,5,main]: Authorization provider is missing from security configuration, but security extension for microprofile is enabled (requires providers configuration at key security.providers). ABAC provider is configured for authorization.
2020.11.10 06:31:42 INFO io.helidon.microprofile.server.ServerCdiExtension Thread[main,5,main]: Registering JAX-RS Application: HelidonMP
2020.11.10 06:31:43 INFO io.helidon.webserver.NettyWebServer Thread[nioEventLoopGroup-2-1,10,main]: Channel '@default' started: [id: 0x34483b4d, L:/0.0.0.0:8080]
2020.11.10 06:31:43 INFO io.helidon.microprofile.server.ServerCdiExtension Thread[main,5,main]: Server started on http://localhost:8080 (and all other host addresses) in 4131 milliseconds (since JVM startup).
2020.11.10 06:31:43 INFO io.helidon.common.HelidonFeatures Thread[features-thread,5,main]: Helidon MP 2.1.0 features: [CDI, Config, Fault Tolerance, Health, JAX-RS, Metrics, Open API, Security, Server, Tracing]
]]></system-out>
  </testcase>
</testsuite>